{
  "RSpec": {
    "coverage": {
      "/Users/kane/Makers/tech_tests/gilded_rose/spec/feature_spec.rb": {
        "lines": [
          1,
          null,
          1,
          1,
          15,
          15,
          15,
          15,
          15,
          15,
          15,
          15,
          null,
          null,
          null,
          null,
          null,
          null,
          1,
          1,
          4,
          null,
          null,
          1,
          4,
          null,
          null,
          null,
          1,
          1,
          4,
          null,
          null,
          1,
          4,
          null,
          null,
          null,
          1,
          1,
          4,
          null,
          null,
          1,
          4,
          null,
          null,
          null,
          1,
          1,
          4,
          null,
          null,
          1,
          4,
          null,
          null,
          null,
          1,
          1,
          4,
          null,
          null,
          1,
          4,
          null,
          null,
          null,
          1,
          1,
          4,
          null,
          null,
          1,
          4,
          null,
          null,
          null,
          1,
          1,
          4,
          null,
          null,
          1,
          4,
          null,
          null,
          null,
          null,
          null,
          1,
          11,
          11,
          11,
          11,
          11,
          11,
          null,
          null,
          null,
          null,
          1,
          1,
          4,
          null,
          null,
          1,
          4,
          null,
          null,
          null,
          1,
          1,
          4,
          null,
          null,
          1,
          4,
          null,
          null,
          null,
          1,
          1,
          4,
          null,
          null,
          1,
          4,
          null,
          null,
          null,
          1,
          1,
          4,
          null,
          null,
          1,
          1,
          1,
          null,
          null,
          null,
          1,
          1,
          4,
          null,
          null,
          1,
          4,
          null,
          null,
          null,
          null
        ]
      },
      "/Users/kane/Makers/tech_tests/gilded_rose/lib/gilded_rose.rb": {
        "lines": [
          1,
          1,
          null,
          1,
          null,
          1,
          29,
          29,
          null,
          null,
          1,
          29,
          153,
          128,
          null,
          25,
          null,
          53,
          null,
          25,
          null,
          25,
          null,
          null,
          null,
          null,
          null,
          null,
          null,
          null,
          null
        ]
      },
      "/Users/kane/Makers/tech_tests/gilded_rose/lib/item.rb": {
        "lines": [
          1,
          1,
          null,
          1,
          171,
          171,
          171,
          null,
          null,
          1,
          0,
          null,
          null
        ]
      },
      "/Users/kane/Makers/tech_tests/gilded_rose/lib/item_manager.rb": {
        "lines": [
          1,
          null,
          1,
          1,
          1,
          1,
          null,
          1,
          28,
          28,
          12,
          null,
          16,
          null,
          28,
          null,
          null,
          1,
          58,
          58,
          47,
          15,
          32,
          16,
          null,
          16,
          null,
          47,
          null,
          null,
          1,
          28,
          28,
          12,
          null,
          16,
          null,
          28,
          null,
          null,
          1,
          28,
          28,
          28,
          12,
          null,
          16,
          null,
          28,
          null,
          null,
          1,
          null,
          1,
          56,
          null,
          null,
          1,
          142,
          null,
          null,
          1,
          75,
          null,
          null,
          1,
          142,
          null,
          null,
          1,
          56,
          null,
          null,
          1,
          75,
          null,
          null
        ]
      },
      "/Users/kane/Makers/tech_tests/gilded_rose/spec/gilded_rose_spec.rb": {
        "lines": [
          1,
          null,
          1,
          6,
          1,
          5,
          5,
          5,
          5,
          null,
          null,
          1,
          1,
          1,
          1,
          1,
          null,
          null,
          1,
          1,
          1,
          1,
          null,
          null,
          1,
          1,
          1,
          1,
          null,
          null,
          1,
          1,
          4,
          null,
          null,
          1,
          1,
          1,
          1,
          null,
          null,
          null,
          null
        ]
      },
      "/Users/kane/Makers/tech_tests/gilded_rose/spec/item_manager_spec.rb": {
        "lines": [
          1,
          null,
          1,
          null,
          1,
          1,
          1,
          4,
          null,
          null,
          1,
          1,
          4,
          null,
          null,
          1,
          1,
          4,
          null,
          null,
          1,
          1,
          4,
          null,
          null,
          1,
          1,
          1,
          1,
          null,
          null,
          1,
          1,
          1,
          1,
          null,
          null,
          null,
          1,
          1,
          1,
          4,
          null,
          null,
          1,
          1,
          4,
          null,
          null,
          1,
          1,
          4,
          null,
          null,
          1,
          1,
          1,
          1,
          null,
          null,
          null,
          1,
          1,
          1,
          4,
          null,
          null,
          1,
          1,
          4,
          null,
          null,
          1,
          1,
          4,
          null,
          null,
          1,
          1,
          1,
          1,
          null,
          null,
          null,
          1,
          1,
          1,
          4,
          null,
          null,
          1,
          1,
          4,
          null,
          null,
          1,
          1,
          4,
          null,
          null,
          1,
          1,
          1,
          1,
          null,
          null,
          null,
          null
        ]
      }
    },
    "timestamp": 1622734912
  }
}
